2018-04-11 17:45:51,370 - DEBUG - Importing BmpImagePlugin
2018-04-11 17:45:51,375 - DEBUG - Importing BufrStubImagePlugin
2018-04-11 17:45:51,376 - DEBUG - Importing CurImagePlugin
2018-04-11 17:45:51,376 - DEBUG - Importing DcxImagePlugin
2018-04-11 17:45:51,377 - DEBUG - Importing DdsImagePlugin
2018-04-11 17:45:51,378 - DEBUG - Importing EpsImagePlugin
2018-04-11 17:45:51,379 - DEBUG - Importing FitsStubImagePlugin
2018-04-11 17:45:51,379 - DEBUG - Importing FliImagePlugin
2018-04-11 17:45:51,380 - DEBUG - Importing FpxImagePlugin
2018-04-11 17:45:51,381 - DEBUG - Importing FtexImagePlugin
2018-04-11 17:45:51,382 - DEBUG - Importing GbrImagePlugin
2018-04-11 17:45:51,382 - DEBUG - Importing GifImagePlugin
2018-04-11 17:45:51,383 - DEBUG - Importing GribStubImagePlugin
2018-04-11 17:45:51,384 - DEBUG - Importing Hdf5StubImagePlugin
2018-04-11 17:45:51,385 - DEBUG - Importing IcnsImagePlugin
2018-04-11 17:45:51,388 - DEBUG - Importing IcoImagePlugin
2018-04-11 17:45:51,388 - DEBUG - Importing ImImagePlugin
2018-04-11 17:45:51,389 - DEBUG - Importing ImtImagePlugin
2018-04-11 17:45:51,390 - DEBUG - Importing IptcImagePlugin
2018-04-11 17:45:51,391 - DEBUG - Importing JpegImagePlugin
2018-04-11 17:45:51,401 - DEBUG - Importing Jpeg2KImagePlugin
2018-04-11 17:45:51,402 - DEBUG - Importing McIdasImagePlugin
2018-04-11 17:45:51,402 - DEBUG - Importing MicImagePlugin
2018-04-11 17:45:51,403 - DEBUG - Importing MpegImagePlugin
2018-04-11 17:45:51,404 - DEBUG - Importing MpoImagePlugin
2018-04-11 17:45:51,404 - DEBUG - Importing MspImagePlugin
2018-04-11 17:45:51,405 - DEBUG - Importing PalmImagePlugin
2018-04-11 17:45:51,405 - DEBUG - Importing PcdImagePlugin
2018-04-11 17:45:51,406 - DEBUG - Importing PcxImagePlugin
2018-04-11 17:45:51,406 - DEBUG - Importing PdfImagePlugin
2018-04-11 17:45:51,406 - DEBUG - Importing PixarImagePlugin
2018-04-11 17:45:51,407 - DEBUG - Importing PngImagePlugin
2018-04-11 17:45:51,407 - DEBUG - Importing PpmImagePlugin
2018-04-11 17:45:51,408 - DEBUG - Importing PsdImagePlugin
2018-04-11 17:45:51,408 - DEBUG - Importing SgiImagePlugin
2018-04-11 17:45:51,409 - DEBUG - Importing SpiderImagePlugin
2018-04-11 17:45:51,409 - DEBUG - Importing SunImagePlugin
2018-04-11 17:45:51,410 - DEBUG - Importing TgaImagePlugin
2018-04-11 17:45:51,410 - DEBUG - Importing TiffImagePlugin
2018-04-11 17:45:51,410 - DEBUG - Importing WebPImagePlugin
2018-04-11 17:45:51,411 - DEBUG - Importing WmfImagePlugin
2018-04-11 17:45:51,412 - DEBUG - Importing XbmImagePlugin
2018-04-11 17:45:51,413 - DEBUG - Importing XpmImagePlugin
2018-04-11 17:45:51,414 - DEBUG - Importing XVThumbImagePlugin
2018-04-11 17:48:56,481 - DEBUG - Importing BmpImagePlugin
2018-04-11 17:48:56,486 - DEBUG - Importing BufrStubImagePlugin
2018-04-11 17:48:56,486 - DEBUG - Importing CurImagePlugin
2018-04-11 17:48:56,486 - DEBUG - Importing DcxImagePlugin
2018-04-11 17:48:56,487 - DEBUG - Importing DdsImagePlugin
2018-04-11 17:48:56,488 - DEBUG - Importing EpsImagePlugin
2018-04-11 17:48:56,489 - DEBUG - Importing FitsStubImagePlugin
2018-04-11 17:48:56,491 - DEBUG - Importing FliImagePlugin
2018-04-11 17:48:56,492 - DEBUG - Importing FpxImagePlugin
2018-04-11 17:48:56,494 - DEBUG - Importing FtexImagePlugin
2018-04-11 17:48:56,494 - DEBUG - Importing GbrImagePlugin
2018-04-11 17:48:56,495 - DEBUG - Importing GifImagePlugin
2018-04-11 17:48:56,496 - DEBUG - Importing GribStubImagePlugin
2018-04-11 17:48:56,496 - DEBUG - Importing Hdf5StubImagePlugin
2018-04-11 17:48:56,497 - DEBUG - Importing IcnsImagePlugin
2018-04-11 17:48:56,498 - DEBUG - Importing IcoImagePlugin
2018-04-11 17:48:56,499 - DEBUG - Importing ImImagePlugin
2018-04-11 17:48:56,500 - DEBUG - Importing ImtImagePlugin
2018-04-11 17:48:56,501 - DEBUG - Importing IptcImagePlugin
2018-04-11 17:48:56,501 - DEBUG - Importing JpegImagePlugin
2018-04-11 17:48:56,509 - DEBUG - Importing Jpeg2KImagePlugin
2018-04-11 17:48:56,509 - DEBUG - Importing McIdasImagePlugin
2018-04-11 17:48:56,509 - DEBUG - Importing MicImagePlugin
2018-04-11 17:48:56,510 - DEBUG - Importing MpegImagePlugin
2018-04-11 17:48:56,510 - DEBUG - Importing MpoImagePlugin
2018-04-11 17:48:56,510 - DEBUG - Importing MspImagePlugin
2018-04-11 17:48:56,511 - DEBUG - Importing PalmImagePlugin
2018-04-11 17:48:56,512 - DEBUG - Importing PcdImagePlugin
2018-04-11 17:48:56,512 - DEBUG - Importing PcxImagePlugin
2018-04-11 17:48:56,513 - DEBUG - Importing PdfImagePlugin
2018-04-11 17:48:56,513 - DEBUG - Importing PixarImagePlugin
2018-04-11 17:48:56,513 - DEBUG - Importing PngImagePlugin
2018-04-11 17:48:56,513 - DEBUG - Importing PpmImagePlugin
2018-04-11 17:48:56,514 - DEBUG - Importing PsdImagePlugin
2018-04-11 17:48:56,514 - DEBUG - Importing SgiImagePlugin
2018-04-11 17:48:56,514 - DEBUG - Importing SpiderImagePlugin
2018-04-11 17:48:56,515 - DEBUG - Importing SunImagePlugin
2018-04-11 17:48:56,515 - DEBUG - Importing TgaImagePlugin
2018-04-11 17:48:56,515 - DEBUG - Importing TiffImagePlugin
2018-04-11 17:48:56,516 - DEBUG - Importing WebPImagePlugin
2018-04-11 17:48:56,518 - DEBUG - Importing WmfImagePlugin
2018-04-11 17:48:56,520 - DEBUG - Importing XbmImagePlugin
2018-04-11 17:48:56,522 - DEBUG - Importing XpmImagePlugin
2018-04-11 17:48:56,523 - DEBUG - Importing XVThumbImagePlugin
